<?xml version="1.0" encoding="UTF-8"?>
<testng-results ignored="0" total="1" passed="1" failed="0" skipped="0">
  <reporter-output>
  </reporter-output>
  <suite started-at="2024-10-30T15:55:25Z" name="Default suite" finished-at="2024-10-30T15:55:25Z" duration-ms="94">
    <groups>
    </groups>
    <test started-at="2024-10-30T15:55:25Z" name="Default test" finished-at="2024-10-30T15:55:25Z" duration-ms="94">
      <class name="Basic.SerializationDeserilization">
        <test-method signature="convertJava2json()[pri:1, instance:Basic.SerializationDeserilization@4a003cbe]" started-at="2024-10-30T15:55:25Z" name="convertJava2json" finished-at="2024-10-30T15:55:25Z" duration-ms="86" status="PASS">
          <reporter-output>
          </reporter-output>
        </test-method> <!-- convertJava2json -->
      </class> <!-- Basic.SerializationDeserilization -->
    </test> <!-- Default test -->
  </suite> <!-- Default suite -->
</testng-results>
